<?xml version="1.0" encoding="UTF-8"?>
<!-- Generated by org.testng.reporters.JUnitXMLReporter -->
<testsuite ignored="0" hostname="CORPLPW100314" failures="0" tests="5" name="KK TESTS" time="89.517" errors="0" timestamp="2021-03-25T09:35:10 IST">
  <testcase classname="com.athma.qa.testcases.PatientRegistrationTest" name="OpenRegistrationPage" time="7.592"/>
  <testcase classname="com.athma.qa.testcases.PatientRegistrationTest" name="createNewButtonTest" time="10.933"/>
  <testcase classname="com.athma.qa.testcases.PatientRegistrationTest" name="registrationTitleTest" time="8.164"/>
  <testcase classname="com.athma.qa.testcases.LoginPageTest" name="loginPagetitleTest" time="0.111"/>
  <testcase classname="com.athma.qa.testcases.LoginPageTest" name="loginIntoApp" time="0.304"/>
</testsuite> <!-- KK TESTS -->
